d:\demos\dggandglc\实验程序\dggridv64_vs2013_boundary_tracing\lib\proj4lib\lib\x64\proj4lib.pdb
d:\demos\dggandglc\实验程序\dggridv64_vs2013_boundary_tracing\lib\proj4lib\lib\x64\proj4lib.idb
d:\demos\dggandglc\实验程序\dggridv64_vs2013_boundary_tracing\dggridv64\proj4lib\x64\debug\adjlon.obj
d:\demos\dggandglc\实验程序\dggridv64_vs2013_boundary_tracing\dggridv64\proj4lib\x64\debug\emess.obj
d:\demos\dggandglc\实验程序\dggridv64_vs2013_boundary_tracing\dggridv64\proj4lib\x64\debug\pj_auth.obj
d:\demos\dggandglc\实验程序\dggridv64_vs2013_boundary_tracing\dggridv64\proj4lib\x64\debug\pj_mlfn.obj
d:\demos\dggandglc\实验程序\dggridv64_vs2013_boundary_tracing\dggridv64\proj4lib\x64\debug\pj_msfn.obj
d:\demos\dggandglc\实验程序\dggridv64_vs2013_boundary_tracing\dggridv64\proj4lib\x64\debug\pj_phi2.obj
d:\demos\dggandglc\实验程序\dggridv64_vs2013_boundary_tracing\dggridv64\proj4lib\x64\debug\pj_qsfn.obj
d:\demos\dggandglc\实验程序\dggridv64_vs2013_boundary_tracing\dggridv64\proj4lib\x64\debug\pj_tsfn.obj
d:\demos\dggandglc\实验程序\dggridv64_vs2013_边界跟踪用于globeland30实验\lib\proj4lib\lib\x64\proj4lib.pdb
d:\demos\dggandglc\实验程序\dggridv64_vs2013_边界跟踪用于globeland30实验\lib\proj4lib\lib\x64\proj4lib.idb
d:\demos\dggandglc\实验程序\dggridv64_vs2013_边界跟踪用于globeland30实验\dggridv64\proj4lib\x64\debug\adjlon.obj
d:\demos\dggandglc\实验程序\dggridv64_vs2013_边界跟踪用于globeland30实验\dggridv64\proj4lib\x64\debug\emess.obj
d:\demos\dggandglc\实验程序\dggridv64_vs2013_边界跟踪用于globeland30实验\dggridv64\proj4lib\x64\debug\pj_auth.obj
d:\demos\dggandglc\实验程序\dggridv64_vs2013_边界跟踪用于globeland30实验\dggridv64\proj4lib\x64\debug\pj_mlfn.obj
d:\demos\dggandglc\实验程序\dggridv64_vs2013_边界跟踪用于globeland30实验\dggridv64\proj4lib\x64\debug\pj_msfn.obj
d:\demos\dggandglc\实验程序\dggridv64_vs2013_边界跟踪用于globeland30实验\dggridv64\proj4lib\x64\debug\pj_phi2.obj
d:\demos\dggandglc\实验程序\dggridv64_vs2013_边界跟踪用于globeland30实验\dggridv64\proj4lib\x64\debug\pj_qsfn.obj
d:\demos\dggandglc\实验程序\dggridv64_vs2013_边界跟踪用于globeland30实验\dggridv64\proj4lib\x64\debug\pj_tsfn.obj
d:\demos\dggandglc\实验程序\dggridv64_vs2013_boundary_tracing\lib\proj4lib\lib\x64\proj4lib.lib
d:\demos\dggandglc\实验程序\dggridv64_vs2013_边界跟踪用于globeland30实验\lib\proj4lib\lib\x64\proj4lib.lib
f:\dggridv64_vs2013_边界跟踪用于globeland30实验\dggridv64\proj4lib\x64\debug\adjlon.obj
f:\dggridv64_vs2013_边界跟踪用于globeland30实验\dggridv64\proj4lib\x64\debug\emess.obj
f:\dggridv64_vs2013_边界跟踪用于globeland30实验\dggridv64\proj4lib\x64\debug\pj_auth.obj
f:\dggridv64_vs2013_边界跟踪用于globeland30实验\dggridv64\proj4lib\x64\debug\pj_mlfn.obj
f:\dggridv64_vs2013_边界跟踪用于globeland30实验\dggridv64\proj4lib\x64\debug\pj_msfn.obj
f:\dggridv64_vs2013_边界跟踪用于globeland30实验\dggridv64\proj4lib\x64\debug\pj_phi2.obj
f:\dggridv64_vs2013_边界跟踪用于globeland30实验\dggridv64\proj4lib\x64\debug\pj_qsfn.obj
f:\dggridv64_vs2013_边界跟踪用于globeland30实验\dggridv64\proj4lib\x64\debug\pj_tsfn.obj
f:\dggridv64_vs2013_边界跟踪用于globeland30实验\dggridv64\proj4lib\..\..\lib\proj4lib\lib\x64\proj4lib.lib
f:\dggridv64_vs2013_边界跟踪用于globeland30实验\dggridv64\proj4lib\x64\debug\proj4lib.tlog\cl.command.1.tlog
f:\dggridv64_vs2013_边界跟踪用于globeland30实验\dggridv64\proj4lib\x64\debug\proj4lib.tlog\cl.read.1.tlog
f:\dggridv64_vs2013_边界跟踪用于globeland30实验\dggridv64\proj4lib\x64\debug\proj4lib.tlog\cl.write.1.tlog
f:\dggridv64_vs2013_边界跟踪用于globeland30实验\dggridv64\proj4lib\x64\debug\proj4lib.tlog\lib-link.read.1.tlog
f:\dggridv64_vs2013_边界跟踪用于globeland30实验\dggridv64\proj4lib\x64\debug\proj4lib.tlog\lib-link.write.1.tlog
f:\dggridv64_vs2013_边界跟踪用于globeland30实验\dggridv64\proj4lib\x64\debug\proj4lib.tlog\lib.command.1.tlog
