d:\demos\dggandglc\实验程序\dggridv64_vs2013_boundary_tracing\lib\clipperregionlib\lib\x64\clipperregion.pdb
d:\demos\dggandglc\实验程序\dggridv64_vs2013_boundary_tracing\lib\clipperregionlib\lib\x64\clipperregion.idb
d:\demos\dggandglc\实验程序\dggridv64_vs2013_boundary_tracing\dggridv64\clipperregion\x64\debug\clipper_.obj
d:\demos\dggandglc\实验程序\dggridv64_vs2013_boundary_tracing\dggridv64\clipperregion\x64\debug\clipper_offset.obj
d:\demos\dggandglc\实验程序\dggridv64_vs2013_boundary_tracing\dggridv64\clipperregion\x64\debug\clipper_triangulation.obj
d:\demos\dggandglc\实验程序\dggridv64_vs2013_boundary_tracing\dggridv64\clipperregion\x64\debug\main_intersection.obj
d:\demos\dggandglc\实验程序\dggridv64_vs2013_边界跟踪用于globeland30实验\lib\clipperregionlib\lib\x64\clipperregion.pdb
d:\demos\dggandglc\实验程序\dggridv64_vs2013_边界跟踪用于globeland30实验\lib\clipperregionlib\lib\x64\clipperregion.idb
d:\demos\dggandglc\实验程序\dggridv64_vs2013_边界跟踪用于globeland30实验\dggridv64\clipperregion\x64\debug\clipper_.obj
d:\demos\dggandglc\实验程序\dggridv64_vs2013_边界跟踪用于globeland30实验\dggridv64\clipperregion\x64\debug\clipper_offset.obj
d:\demos\dggandglc\实验程序\dggridv64_vs2013_边界跟踪用于globeland30实验\dggridv64\clipperregion\x64\debug\clipper_triangulation.obj
d:\demos\dggandglc\实验程序\dggridv64_vs2013_边界跟踪用于globeland30实验\dggridv64\clipperregion\x64\debug\main_intersection.obj
d:\demos\dggandglc\实验程序\dggridv64_vs2013_boundary_tracing\lib\clipperregionlib\lib\x64\clipperregion.lib
d:\demos\dggandglc\实验程序\dggridv64_vs2013_边界跟踪用于globeland30实验\lib\clipperregionlib\lib\x64\clipperregion.lib
f:\dggridv64_vs2013_边界跟踪用于globeland30实验\dggridv64\clipperregion\x64\debug\clipper_.obj
f:\dggridv64_vs2013_边界跟踪用于globeland30实验\dggridv64\clipperregion\x64\debug\clipper_offset.obj
f:\dggridv64_vs2013_边界跟踪用于globeland30实验\dggridv64\clipperregion\x64\debug\clipper_triangulation.obj
f:\dggridv64_vs2013_边界跟踪用于globeland30实验\dggridv64\clipperregion\x64\debug\main_intersection.obj
f:\dggridv64_vs2013_边界跟踪用于globeland30实验\dggridv64\clipperregion\..\..\lib\clipperregionlib\lib\x64\clipperregion.lib
f:\dggridv64_vs2013_边界跟踪用于globeland30实验\dggridv64\clipperregion\x64\debug\clipperregion.tlog\cl.command.1.tlog
f:\dggridv64_vs2013_边界跟踪用于globeland30实验\dggridv64\clipperregion\x64\debug\clipperregion.tlog\cl.read.1.tlog
f:\dggridv64_vs2013_边界跟踪用于globeland30实验\dggridv64\clipperregion\x64\debug\clipperregion.tlog\cl.write.1.tlog
f:\dggridv64_vs2013_边界跟踪用于globeland30实验\dggridv64\clipperregion\x64\debug\clipperregion.tlog\lib-link.read.1.tlog
f:\dggridv64_vs2013_边界跟踪用于globeland30实验\dggridv64\clipperregion\x64\debug\clipperregion.tlog\lib-link.write.1.tlog
f:\dggridv64_vs2013_边界跟踪用于globeland30实验\dggridv64\clipperregion\x64\debug\clipperregion.tlog\lib.command.1.tlog
