d:\demos\dggandglc\实验程序\dggridv64_vs2013_boundary_tracing\dggridv64\glc30_static\x64\debug\vc140.pdb
d:\demos\dggandglc\实验程序\dggridv64_vs2013_boundary_tracing\dggridv64\glc30_static\x64\debug\vc140.idb
d:\demos\dggandglc\实验程序\dggridv64_vs2013_boundary_tracing\dggridv64\glc30_static\x64\debug\glc30_static_main.obj
d:\demos\dggandglc\实验程序\dggridv64_vs2013_boundary_tracing\dggridv64\glc30_static\x64\debug\glc30_func.obj
d:\demos\dggandglc\实验程序\dggridv64_vs2013_边界跟踪用于globeland30实验\dggridv64\glc30_static\x64\debug\vc140.pdb
d:\demos\dggandglc\实验程序\dggridv64_vs2013_边界跟踪用于globeland30实验\dggridv64\glc30_static\x64\debug\vc140.idb
d:\demos\dggandglc\实验程序\dggridv64_vs2013_边界跟踪用于globeland30实验\dggridv64\glc30_static\x64\debug\glc30_static_main.obj
d:\demos\dggandglc\实验程序\dggridv64_vs2013_边界跟踪用于globeland30实验\dggridv64\glc30_static\x64\debug\glc30_func.obj
d:\demos\dggandglc\实验程序\dggridv64_vs2013_boundary_tracing\dggridv64\x64\debug\glc30_static.lib
d:\demos\dggandglc\实验程序\dggridv64_vs2013_boundary_tracing\dggridv64\x64\debug\glc30_static.exp
d:\demos\dggandglc\实验程序\dggridv64_vs2013_边界跟踪用于globeland30实验\dggridv64\x64\debug\glc30_static.lib
d:\demos\dggandglc\实验程序\dggridv64_vs2013_边界跟踪用于globeland30实验\dggridv64\x64\debug\glc30_static.exp
d:\demos\dggandglc\实验程序\dggridv64_vs2013_boundary_tracing\dggridv64\x64\debug\glc30_static.ilk
d:\demos\dggandglc\实验程序\dggridv64_vs2013_boundary_tracing\dggridv64\x64\debug\glc30_static.exe
d:\demos\dggandglc\实验程序\dggridv64_vs2013_boundary_tracing\dggridv64\x64\debug\glc30_static.pdb
d:\demos\dggandglc\实验程序\dggridv64_vs2013_边界跟踪用于globeland30实验\dggridv64\x64\debug\glc30_static.ilk
d:\demos\dggandglc\实验程序\dggridv64_vs2013_边界跟踪用于globeland30实验\dggridv64\x64\debug\glc30_static.exe
d:\demos\dggandglc\实验程序\dggridv64_vs2013_边界跟踪用于globeland30实验\dggridv64\x64\debug\glc30_static.pdb
f:\dggridv64_vs2013_边界跟踪用于globeland30实验\dggridv64\glc30_static\x64\debug\glc30_func.obj
f:\dggridv64_vs2013_边界跟踪用于globeland30实验\dggridv64\glc30_static\x64\debug\glc30_static_main.obj
f:\dggridv64_vs2013_边界跟踪用于globeland30实验\dggridv64\glc30_static\x64\debug\glc30_static_main.obj.enc
f:\dggridv64_vs2013_边界跟踪用于globeland30实验\dggridv64\glc30_static\x64\debug\vc140.idb
f:\dggridv64_vs2013_边界跟踪用于globeland30实验\dggridv64\glc30_static\x64\debug\vc140.pdb
f:\dggridv64_vs2013_边界跟踪用于globeland30实验\dggridv64\x64\debug\glc30_static.pdb
f:\dggridv64_vs2013_边界跟踪用于globeland30实验\dggridv64\x64\debug\glc30_static.exe
f:\dggridv64_vs2013_边界跟踪用于globeland30实验\dggridv64\x64\debug\glc30_static.ilk
f:\dggridv64_vs2013_边界跟踪用于globeland30实验\dggridv64\glc30_static\x64\debug\glc30_static.tlog\cl.command.1.tlog
f:\dggridv64_vs2013_边界跟踪用于globeland30实验\dggridv64\glc30_static\x64\debug\glc30_static.tlog\cl.read.1.tlog
f:\dggridv64_vs2013_边界跟踪用于globeland30实验\dggridv64\glc30_static\x64\debug\glc30_static.tlog\cl.write.1.tlog
f:\dggridv64_vs2013_边界跟踪用于globeland30实验\dggridv64\glc30_static\x64\debug\glc30_static.tlog\glc30_static.write.1u.tlog
f:\dggridv64_vs2013_边界跟踪用于globeland30实验\dggridv64\glc30_static\x64\debug\glc30_static.tlog\link.command.1.tlog
f:\dggridv64_vs2013_边界跟踪用于globeland30实验\dggridv64\glc30_static\x64\debug\glc30_static.tlog\link.read.1.tlog
f:\dggridv64_vs2013_边界跟踪用于globeland30实验\dggridv64\glc30_static\x64\debug\glc30_static.tlog\link.write.1.tlog
