d:\demos\dggandglc\实验程序\扫描线填充法\lib\shapelib\lib\x64\shapelib.pdb
d:\demos\dggandglc\实验程序\扫描线填充法\lib\shapelib\lib\x64\shapelib.idb
d:\demos\dggandglc\实验程序\扫描线填充法\dggridv64\shapelib\x64\debug\dbfadd.obj
d:\demos\dggandglc\实验程序\扫描线填充法\dggridv64\shapelib\x64\debug\dbfcreate.obj
d:\demos\dggandglc\实验程序\扫描线填充法\dggridv64\shapelib\x64\debug\dbfdump.obj
d:\demos\dggandglc\实验程序\扫描线填充法\dggridv64\shapelib\x64\debug\dbfopen.obj
d:\demos\dggandglc\实验程序\扫描线填充法\dggridv64\shapelib\x64\debug\safileio.obj
d:\demos\dggandglc\实验程序\扫描线填充法\dggridv64\shapelib\x64\debug\sbnsearch.obj
d:\demos\dggandglc\实验程序\扫描线填充法\dggridv64\shapelib\x64\debug\shpadd.obj
d:\demos\dggandglc\实验程序\扫描线填充法\dggridv64\shapelib\x64\debug\shpcreate.obj
d:\demos\dggandglc\实验程序\扫描线填充法\dggridv64\shapelib\x64\debug\shpdump.obj
d:\demos\dggandglc\实验程序\扫描线填充法\dggridv64\shapelib\x64\debug\shpopen.obj
d:\demos\dggandglc\实验程序\扫描线填充法\dggridv64\shapelib\x64\debug\shprewind.obj
d:\demos\dggandglc\实验程序\扫描线填充法\dggridv64\shapelib\x64\debug\shptest.obj
d:\demos\dggandglc\实验程序\扫描线填充法\dggridv64\shapelib\x64\debug\shptree.obj
d:\demos\dggandglc\实验程序\扫描线填充法\dggridv64\shapelib\x64\debug\shptreedump.obj
d:\demos\dggandglc\实验程序\扫描线填充法\dggridv64\shapelib\x64\debug\shputils.obj
d:\demos\dggandglc\实验程序\扫描线填充法\lib\shapelib\lib\x64\shapelib.lib
d:\demos\dggandglc\实验程序\扫描线填充法\dggridv64\shapelib\..\..\lib\shapelib\lib\x64\shapelib.lib
d:\demos\dggandglc\实验程序\扫描线填充法\dggridv64\shapelib\x64\debug\shapelib.tlog\cl.command.1.tlog
d:\demos\dggandglc\实验程序\扫描线填充法\dggridv64\shapelib\x64\debug\shapelib.tlog\cl.read.1.tlog
d:\demos\dggandglc\实验程序\扫描线填充法\dggridv64\shapelib\x64\debug\shapelib.tlog\cl.write.1.tlog
d:\demos\dggandglc\实验程序\扫描线填充法\dggridv64\shapelib\x64\debug\shapelib.tlog\lib-link.read.1.tlog
d:\demos\dggandglc\实验程序\扫描线填充法\dggridv64\shapelib\x64\debug\shapelib.tlog\lib-link.write.1.tlog
d:\demos\dggandglc\实验程序\扫描线填充法\dggridv64\shapelib\x64\debug\shapelib.tlog\lib.command.1.tlog
